\BOOKMARK [1][-]{section.1}{\376\377\000B\000u\000i\000l\000d\000i\000n\000g\000\040\000B\000l\000o\000c\000k\000s}{}% 1
\BOOKMARK [1][-]{section.2}{\376\377\000D\000e\000s\000i\000g\000n}{}% 2
\BOOKMARK [2][-]{subsection.2.1}{\376\377\000A\000r\000c\000h\000i\000t\000e\000c\000t\000u\000r\000e}{section.2}% 3
\BOOKMARK [2][-]{subsection.2.2}{\376\377\000M\000o\000d\000e\000l}{section.2}% 4
\BOOKMARK [2][-]{subsection.2.3}{\376\377\000C\000o\000n\000v\000o\000l\000u\000t\000i\000o\000n\000a\000l\000\040\000L\000a\000y\000e\000r\000\040\000D\000e\000s\000i\000g\000n}{section.2}% 5
\BOOKMARK [3][-]{subsubsection.2.3.1}{\376\377\000B\000a\000c\000k\000g\000r\000o\000u\000n\000d}{subsection.2.3}% 6
\BOOKMARK [2][-]{subsection.2.4}{\376\377\000E\000q\000u\000a\000t\000i\000o\000n\000s}{section.2}% 7
\BOOKMARK [2][-]{subsection.2.5}{\376\377\000P\000o\000o\000l\000i\000n\000g\000\040\000L\000a\000y\000e\000r\000\040\000D\000e\000s\000i\000g\000n}{section.2}% 8
\BOOKMARK [3][-]{subsubsection.2.5.1}{\376\377\000B\000a\000c\000k\000g\000r\000o\000u\000n\000d}{subsection.2.5}% 9
\BOOKMARK [2][-]{subsection.2.6}{\376\377\000P\000o\000o\000l\000i\000n\000g\000\040\000E\000q\000u\000a\000t\000i\000o\000n}{section.2}% 10
\BOOKMARK [2][-]{subsection.2.7}{\376\377\000S\000o\000f\000t\000m\000a\000x\000\040\000L\000a\000y\000e\000r\000\040\000D\000e\000s\000i\000g\000n}{section.2}% 11
\BOOKMARK [3][-]{subsubsection.2.7.1}{\376\377\000B\000a\000c\000k\000g\000r\000o\000u\000n\000d}{subsection.2.7}% 12
\BOOKMARK [2][-]{subsection.2.8}{\376\377\000S\000o\000f\000t\000m\000a\000x\000\040\000E\000q\000u\000a\000t\000i\000o\000n}{section.2}% 13
\BOOKMARK [3][-]{subsubsection.2.8.1}{\376\377\000S\000a\000m\000p\000l\000e\000\040\000C\000a\000l\000c\000u\000l\000a\000t\000i\000o\000n}{subsection.2.8}% 14
\BOOKMARK [2][-]{subsection.2.9}{\376\377\000H\000a\000r\000d\000m\000a\000x\000\040\000L\000a\000y\000e\000r\000\040\000D\000e\000s\000i\000g\000n}{section.2}% 15
\BOOKMARK [3][-]{subsubsection.2.9.1}{\376\377\000B\000a\000c\000k\000g\000r\000o\000u\000n\000d}{subsection.2.9}% 16
\BOOKMARK [2][-]{subsection.2.10}{\376\377\000H\000a\000r\000d\000m\000a\000x\000\040\000E\000q\000u\000a\000t\000i\000o\000n}{section.2}% 17
\BOOKMARK [3][-]{subsubsection.2.10.1}{\376\377\000S\000a\000m\000p\000l\000e\000\040\000C\000a\000l\000c\000u\000l\000a\000t\000i\000o\000n}{subsection.2.10}% 18
\BOOKMARK [1][-]{section.3}{\376\377\000H\000a\000r\000d\000w\000a\000r\000e\000\040\000D\000e\000s\000i\000g\000n}{}% 19
\BOOKMARK [2][-]{subsection.3.1}{\376\377\000N\000u\000m\000b\000e\000r\000\040\000R\000e\000p\000r\000e\000s\000e\000n\000t\000a\000t\000i\000o\000n}{section.3}% 20
\BOOKMARK [3][-]{subsubsection.3.1.1}{\376\377\000Q\000m\000.\000n\000\040\000f\000o\000r\000m\000a\000t}{subsection.3.1}% 21
\BOOKMARK [2][-]{subsection.3.2}{\376\377\000F\000i\000x\000e\000d\000-\000P\000o\000i\000n\000t\000\040\000F\000o\000r\000m\000a\000t\000\040\000S\000e\000l\000e\000c\000t\000i\000o\000n}{section.3}% 22
\BOOKMARK [2][-]{subsection.3.3}{\376\377\000M\000u\000l\000t\000i\000p\000l\000y\000\040\000A\000c\000c\000u\000m\000u\000l\000a\000t\000e\000\040\000\050\000M\000A\000C\000\051\000\040\000U\000n\000i\000t}{section.3}% 23
\BOOKMARK [3][-]{subsubsection.3.3.1}{\376\377\000S\000a\000t\000u\000r\000a\000t\000i\000o\000n\000\040\000H\000a\000n\000d\000l\000i\000n\000g}{subsection.3.3}% 24
\BOOKMARK [2][-]{subsection.3.4}{\376\377\000B\000u\000s\000\040\000D\000e\000s\000i\000g\000n}{section.3}% 25
\BOOKMARK [3][-]{subsubsection.3.4.1}{\376\377\000C\000o\000m\000p\000o\000n\000e\000n\000t\000\040\000I\000n\000t\000e\000r\000f\000a\000c\000e\000:\000\040\000A\000X\000I\000-\000S\000t\000r\000e\000a\000m}{subsection.3.4}% 26
\BOOKMARK [2][-]{subsection.3.5}{\376\377\000M\000e\000m\000o\000r\000y\000\040\000I\000n\000t\000e\000r\000f\000a\000c\000e\000:\000\040\000A\000X\000I}{section.3}% 27
